app/build/intermediates/manifest_merge_blame_file/debug/processDebugMainManifest/manifest-merger-blame-debug-report.txt
1<?xml version="1.0" encoding="utf-8"?>
2<manifest xmlns:android="http://schemas.android.com/apk/res/android"
3    package="com.ivan.camerastream2"
4    android:versionCode="1"
5    android:versionName="1.0" >
6
7    <uses-sdk
8        android:minSdkVersion="28"
9        android:targetSdkVersion="35" />
10
11    <!-- Add camera and internet permissions -->
12    <uses-feature
12-->src/main/AndroidManifest.xml:6:5-8:36
13        android:name="android.hardware.camera"
13-->src/main/AndroidManifest.xml:7:9-47
14        android:required="false" />
14-->src/main/AndroidManifest.xml:8:9-33
15
16    <uses-permission android:name="android.permission.CAMERA" />
16-->src/main/AndroidManifest.xml:10:5-64
16-->src/main/AndroidManifest.xml:10:22-62
17    <uses-permission android:name="android.permission.INTERNET" />
17-->src/main/AndroidManifest.xml:11:5-67
17-->src/main/AndroidManifest.xml:11:22-64
18
19    <permission
19-->[androidx.core:core:1.12.0] AndroidManifest.xml:22:5-24:47
20        android:name="com.ivan.camerastream2.DYNAMIC_RECEIVER_NOT_EXPORTED_PERMISSION"
20-->[androidx.core:core:1.12.0] AndroidManifest.xml:23:9-81
21        android:protectionLevel="signature" />
21-->[androidx.core:core:1.12.0] AndroidManifest.xml:24:9-44
22
23    <uses-permission android:name="com.ivan.camerastream2.DYNAMIC_RECEIVER_NOT_EXPORTED_PERMISSION" />
23-->[androidx.core:core:1.12.0] AndroidManifest.xml:26:5-97
23-->[androidx.core:core:1.12.0] AndroidManifest.xml:26:22-94
24
25    <application
25-->src/main/AndroidManifest.xml:14:5-35:19
26        android:allowBackup="true"
26-->src/main/AndroidManifest.xml:15:9-35
27        android:appComponentFactory="androidx.core.app.CoreComponentFactory"
27-->[androidx.core:core:1.12.0] AndroidManifest.xml:28:18-86
28        android:dataExtractionRules="@xml/data_extraction_rules"
28-->src/main/AndroidManifest.xml:16:9-65
29        android:debuggable="true"
30        android:extractNativeLibs="false"
31        android:fullBackupContent="@xml/backup_rules"
31-->src/main/AndroidManifest.xml:17:9-54
32        android:icon="@mipmap/ic_launcher"
32-->src/main/AndroidManifest.xml:18:9-43
33        android:label="@string/app_name"
33-->src/main/AndroidManifest.xml:19:9-41
34        android:roundIcon="@mipmap/ic_launcher_round"
34-->src/main/AndroidManifest.xml:20:9-54
35        android:supportsRtl="true"
35-->src/main/AndroidManifest.xml:21:9-35
36        android:testOnly="true"
37        android:theme="@style/Theme.Camerastream2" >
37-->src/main/AndroidManifest.xml:22:9-51
38        <activity
38-->src/main/AndroidManifest.xml:24:9-34:20
39            android:name="com.ivan.camerastream2.MainActivity"
39-->src/main/AndroidManifest.xml:25:13-41
40            android:exported="true"
40-->src/main/AndroidManifest.xml:26:13-36
41            android:label="@string/app_name"
41-->src/main/AndroidManifest.xml:27:13-45
42            android:theme="@style/Theme.Camerastream2" >
42-->src/main/AndroidManifest.xml:28:13-55
43            <intent-filter>
43-->src/main/AndroidManifest.xml:29:13-33:29
44                <action android:name="android.intent.action.MAIN" />
44-->src/main/AndroidManifest.xml:30:17-69
44-->src/main/AndroidManifest.xml:30:25-66
45
46                <category android:name="android.intent.category.LAUNCHER" />
46-->src/main/AndroidManifest.xml:32:17-77
46-->src/main/AndroidManifest.xml:32:27-74
47            </intent-filter>
48        </activity>
49        <activity
49-->[androidx.compose.ui:ui-tooling-android:1.6.6] AndroidManifest.xml:23:9-25:39
50            android:name="androidx.compose.ui.tooling.PreviewActivity"
50-->[androidx.compose.ui:ui-tooling-android:1.6.6] AndroidManifest.xml:24:13-71
51            android:exported="true" />
51-->[androidx.compose.ui:ui-tooling-android:1.6.6] AndroidManifest.xml:25:13-36
52        <activity
52-->[androidx.compose.ui:ui-test-manifest:1.6.6] AndroidManifest.xml:23:9-25:39
53            android:name="androidx.activity.ComponentActivity"
53-->[androidx.compose.ui:ui-test-manifest:1.6.6] AndroidManifest.xml:24:13-63
54            android:exported="true" />
54-->[androidx.compose.ui:ui-test-manifest:1.6.6] AndroidManifest.xml:25:13-36
55
56        <service
56-->[androidx.camera:camera-camera2:1.1.0] AndroidManifest.xml:26:9-35:19
57            android:name="androidx.camera.core.impl.MetadataHolderService"
57-->[androidx.camera:camera-camera2:1.1.0] AndroidManifest.xml:27:13-75
58            android:enabled="false"
58-->[androidx.camera:camera-camera2:1.1.0] AndroidManifest.xml:28:13-36
59            android:exported="false" >
59-->[androidx.camera:camera-camera2:1.1.0] AndroidManifest.xml:29:13-37
60            <meta-data
60-->[androidx.camera:camera-camera2:1.1.0] AndroidManifest.xml:32:13-34:89
61                android:name="androidx.camera.core.impl.MetadataHolderService.DEFAULT_CONFIG_PROVIDER"
61-->[androidx.camera:camera-camera2:1.1.0] AndroidManifest.xml:33:17-103
62                android:value="androidx.camera.camera2.Camera2Config$DefaultProvider" />
62-->[androidx.camera:camera-camera2:1.1.0] AndroidManifest.xml:34:17-86
63        </service>
64
65        <provider
65-->[androidx.emoji2:emoji2:1.3.0] AndroidManifest.xml:24:9-32:20
66            android:name="androidx.startup.InitializationProvider"
66-->[androidx.emoji2:emoji2:1.3.0] AndroidManifest.xml:25:13-67
67            android:authorities="com.ivan.camerastream2.androidx-startup"
67-->[androidx.emoji2:emoji2:1.3.0] AndroidManifest.xml:26:13-68
68            android:exported="false" >
68-->[androidx.emoji2:emoji2:1.3.0] AndroidManifest.xml:27:13-37
69            <meta-data
69-->[androidx.emoji2:emoji2:1.3.0] AndroidManifest.xml:29:13-31:52
70                android:name="androidx.emoji2.text.EmojiCompatInitializer"
70-->[androidx.emoji2:emoji2:1.3.0] AndroidManifest.xml:30:17-75
71                android:value="androidx.startup" />
71-->[androidx.emoji2:emoji2:1.3.0] AndroidManifest.xml:31:17-49
72            <meta-data
72-->[androidx.lifecycle:lifecycle-process:2.6.1] AndroidManifest.xml:29:13-31:52
73                android:name="androidx.lifecycle.ProcessLifecycleInitializer"
73-->[androidx.lifecycle:lifecycle-process:2.6.1] AndroidManifest.xml:30:17-78
74                android:value="androidx.startup" />
74-->[androidx.lifecycle:lifecycle-process:2.6.1] AndroidManifest.xml:31:17-49
75            <meta-data
75-->[androidx.profileinstaller:profileinstaller:1.3.0] AndroidManifest.xml:29:13-31:52
76                android:name="androidx.profileinstaller.ProfileInstallerInitializer"
76-->[androidx.profileinstaller:profileinstaller:1.3.0] AndroidManifest.xml:30:17-85
77                android:value="androidx.startup" />
77-->[androidx.profileinstaller:profileinstaller:1.3.0] AndroidManifest.xml:31:17-49
78        </provider>
79
80        <receiver
80-->[androidx.profileinstaller:profileinstaller:1.3.0] AndroidManifest.xml:34:9-52:20
81            android:name="androidx.profileinstaller.ProfileInstallReceiver"
81-->[androidx.profileinstaller:profileinstaller:1.3.0] AndroidManifest.xml:35:13-76
82            android:directBootAware="false"
82-->[androidx.profileinstaller:profileinstaller:1.3.0] AndroidManifest.xml:36:13-44
83            android:enabled="true"
83-->[androidx.profileinstaller:profileinstaller:1.3.0] AndroidManifest.xml:37:13-35
84            android:exported="true"
84-->[androidx.profileinstaller:profileinstaller:1.3.0] AndroidManifest.xml:38:13-36
85            android:permission="android.permission.DUMP" >
85-->[androidx.profileinstaller:profileinstaller:1.3.0] AndroidManifest.xml:39:13-57
86            <intent-filter>
86-->[androidx.profileinstaller:profileinstaller:1.3.0] AndroidManifest.xml:40:13-42:29
87                <action android:name="androidx.profileinstaller.action.INSTALL_PROFILE" />
87-->[androidx.profileinstaller:profileinstaller:1.3.0] AndroidManifest.xml:41:17-91
87-->[androidx.profileinstaller:profileinstaller:1.3.0] AndroidManifest.xml:41:25-88
88            </intent-filter>
89            <intent-filter>
89-->[androidx.profileinstaller:profileinstaller:1.3.0] AndroidManifest.xml:43:13-45:29
90                <action android:name="androidx.profileinstaller.action.SKIP_FILE" />
90-->[androidx.profileinstaller:profileinstaller:1.3.0] AndroidManifest.xml:44:17-85
90-->[androidx.profileinstaller:profileinstaller:1.3.0] AndroidManifest.xml:44:25-82
91            </intent-filter>
92            <intent-filter>
92-->[androidx.profileinstaller:profileinstaller:1.3.0] AndroidManifest.xml:46:13-48:29
93                <action android:name="androidx.profileinstaller.action.SAVE_PROFILE" />
93-->[androidx.profileinstaller:profileinstaller:1.3.0] AndroidManifest.xml:47:17-88
93-->[androidx.profileinstaller:profileinstaller:1.3.0] AndroidManifest.xml:47:25-85
94            </intent-filter>
95            <intent-filter>
95-->[androidx.profileinstaller:profileinstaller:1.3.0] AndroidManifest.xml:49:13-51:29
96                <action android:name="androidx.profileinstaller.action.BENCHMARK_OPERATION" />
96-->[androidx.profileinstaller:profileinstaller:1.3.0] AndroidManifest.xml:50:17-95
96-->[androidx.profileinstaller:profileinstaller:1.3.0] AndroidManifest.xml:50:25-92
97            </intent-filter>
98        </receiver>
99    </application>
100
101</manifest>